0 info it worked if it ends with ok
1 verbose cli [ '/home/akuznetsov/.nvm/versions/node/v6.9.1/bin/node',
1 verbose cli   '/home/akuznetsov/.nvm/versions/node/v6.9.1/bin/npm',
1 verbose cli   'run',
1 verbose cli   'staging' ]
2 info using npm@3.10.8
3 info using node@v6.9.1
4 verbose run-script [ 'prestaging', 'staging', 'poststaging' ]
5 info lifecycle automation@0.1.0~prestaging: automation@0.1.0
6 silly lifecycle automation@0.1.0~prestaging: no script for prestaging, continuing
7 info lifecycle automation@0.1.0~staging: automation@0.1.0
8 verbose lifecycle automation@0.1.0~staging: unsafe-perm in lifecycle true
9 verbose lifecycle automation@0.1.0~staging: PATH: /home/akuznetsov/.nvm/versions/node/v6.9.1/lib/node_modules/npm/bin/node-gyp-bin:/home/akuznetsov/automation/node_modules/.bin:/home/akuznetsov/anaconda3/bin:/home/akuznetsov/.nvm/versions/node/v6.9.1/bin:/home/akuznetsov/bin:/home/akuznetsov/.local/bin:/usr/local/sbin:/usr/local/bin:/usr/sbin:/usr/bin:/sbin:/bin:/usr/games:/usr/local/games:/snap/bin:/usr/lib/jvm/java-8-oracle/bin:/usr/lib/jvm/java-8-oracle/db/bin:/usr/lib/jvm/java-8-oracle/jre/bin
10 verbose lifecycle automation@0.1.0~staging: CWD: /home/akuznetsov/automation
11 silly lifecycle automation@0.1.0~staging: Args: [ '-c',
11 silly lifecycle   'codeceptjs run --config runners/stagingConfig.js --reporter mochawesome' ]
12 silly lifecycle automation@0.1.0~staging: Returned: code: 1  signal: null
13 info lifecycle automation@0.1.0~staging: Failed to exec staging script
14 verbose stack Error: automation@0.1.0 staging: `codeceptjs run --config runners/stagingConfig.js --reporter mochawesome`
14 verbose stack Exit status 1
14 verbose stack     at EventEmitter.<anonymous> (/home/akuznetsov/.nvm/versions/node/v6.9.1/lib/node_modules/npm/lib/utils/lifecycle.js:255:16)
14 verbose stack     at emitTwo (events.js:106:13)
14 verbose stack     at EventEmitter.emit (events.js:191:7)
14 verbose stack     at ChildProcess.<anonymous> (/home/akuznetsov/.nvm/versions/node/v6.9.1/lib/node_modules/npm/lib/utils/spawn.js:40:14)
14 verbose stack     at emitTwo (events.js:106:13)
14 verbose stack     at ChildProcess.emit (events.js:191:7)
14 verbose stack     at maybeClose (internal/child_process.js:877:16)
14 verbose stack     at Process.ChildProcess._handle.onexit (internal/child_process.js:226:5)
15 verbose pkgid automation@0.1.0
16 verbose cwd /home/akuznetsov/automation
17 error Linux 4.4.0-83-generic
18 error argv "/home/akuznetsov/.nvm/versions/node/v6.9.1/bin/node" "/home/akuznetsov/.nvm/versions/node/v6.9.1/bin/npm" "run" "staging"
19 error node v6.9.1
20 error npm  v3.10.8
21 error code ELIFECYCLE
22 error automation@0.1.0 staging: `codeceptjs run --config runners/stagingConfig.js --reporter mochawesome`
22 error Exit status 1
23 error Failed at the automation@0.1.0 staging script 'codeceptjs run --config runners/stagingConfig.js --reporter mochawesome'.
23 error Make sure you have the latest version of node.js and npm installed.
23 error If you do, this is most likely a problem with the automation package,
23 error not with npm itself.
23 error Tell the author that this fails on your system:
23 error     codeceptjs run --config runners/stagingConfig.js --reporter mochawesome
23 error You can get information on how to open an issue for this project with:
23 error     npm bugs automation
23 error Or if that isn't available, you can get their info via:
23 error     npm owner ls automation
23 error There is likely additional logging output above.
24 verbose exit [ 1, true ]
